2014/07/27 19:47:36 [error] [exception.CHttpException.404] exception 'CHttpException' with message 'The system is unable to find the requested action "create".' in /var/www/framework/web/CController.php:483
Stack trace:
#0 /var/www/framework/web/CController.php(270): CController->missingAction('create')
#1 /var/www/framework/web/CWebApplication.php(282): CController->run('create')
#2 /var/www/framework/web/CWebApplication.php(141): CWebApplication->runController('estabelecimento...')
#3 /var/www/framework/base/CApplication.php(180): CWebApplication->processRequest()
#4 /var/www/TelePix_web/index.php(13): CApplication->run()
#5 {main}
REQUEST_URI=/TelePix_web/index.php/estabelecimento/create
---
2014/08/07 19:27:38 [error] [exception.CHttpException.404] exception 'CHttpException' with message 'Unable to resolve the request "Etabelecimentp".' in /var/www/framework/web/CWebApplication.php:286
Stack trace:
#0 /var/www/framework/web/CWebApplication.php(141): CWebApplication->runController('Etabelecimentp')
#1 /var/www/framework/base/CApplication.php(180): CWebApplication->processRequest()
#2 /var/www/TelePix_web/index.php(13): CApplication->run()
#3 {main}
REQUEST_URI=/TelePix_web/index.php/Etabelecimentp
---
2014/08/07 19:27:47 [error] [exception.CHttpException.404] exception 'CHttpException' with message 'Unable to resolve the request "Etabelecimento".' in /var/www/framework/web/CWebApplication.php:286
Stack trace:
#0 /var/www/framework/web/CWebApplication.php(141): CWebApplication->runController('Etabelecimento')
#1 /var/www/framework/base/CApplication.php(180): CWebApplication->processRequest()
#2 /var/www/TelePix_web/index.php(13): CApplication->run()
#3 {main}
REQUEST_URI=/TelePix_web/index.php/Etabelecimento
---
